Case #1: 6 2
Case #2: 0 0
Case #3: 6 0
Case #4: 1 1
Case #5: 7 2
Case #6: 5 0
Case #7: 8 1
Case #8: 6 1
Case #9: 9 5
Case #10: 7 4
Case #11: 4 0
Case #12: 10 10
Case #13: 4 2
Case #14: 5 2
Case #15: 4 1
Case #16: 9 3
Case #17: 0 0
Case #18: 0 0
Case #19: 6 1
Case #20: 5 2
Case #21: 0 0
Case #22: 8 1
Case #23: 8 2
Case #24: 4 0
Case #25: 3 0
Case #26: 1 1
Case #27: 0 0
Case #28: 9 2
Case #29: 8 1
Case #30: 10 10
Case #31: 10 6
Case #32: 2 2
Case #33: 5 1
Case #34: 7 2
Case #35: 3 3
Case #36: 7 2
Case #37: 2 1
Case #38: 10 10
Case #39: 8 1
Case #40: 1 1
Case #41: 9 9
Case #42: 8 2
Case #43: 8 8
Case #44: 6 2
Case #45: 8 4
Case #46: 8 2
Case #47: 6 3
Case #48: 8 8
Case #49: 8 4
Case #50: 6 1
